CRITICAL:root:CRITICAL ERROR !!!!
ERROR:root:OOPS
WARNING:root:Watch out
INFO:root:I am now here
DEBUG:root:Value=10
2023-10-05 10:26:07,563.563 - CRITICAL ERROR !!!!
2023-10-05 10:26:07,563.563 - OOPS
2023-10-05 10:26:07,563.563 - Watch out
2023-10-05 10:26:07,563.563 - I am now here
2023-10-05 10:26:07,563.563 - Value=10
2023-10-05 10:31:20,161.161 - CRITICAL ERROR !!!!
2023-10-05 10:31:20,161.161 - OOPS
2023-10-05 10:31:20,161.161 - Watch out
2023-10-05 10:31:20,161.161 - I am now here
2023-10-05 10:31:20,161.161 - Value=10
2023-10-05 10:31:36,017.017 - CRITICAL ERROR !!!!
2023-10-05 10:31:36,017.017 - OOPS
2023-10-05 10:31:36,017.017 - Watch out
2023-10-05 10:31:36,017.017 - I am now here
2023-10-05 10:31:36,018.018 - Value=10
